set ucliGUI::state
set ucliGUI::state
ucliCore::getToolPID
synopsys::env hasTB
trigger_hier_stack_context_switch 0
synUtils::setDVEInitPhase 1
synopsys::dump -type VPD -file /afs/andrew.cmu.edu/usr12/tbeasley/private/240/Labs/Lab4/inter.vpd -locking
synopsys::dump -autoflush on -fid VPD0
set ::dve_fid VPD0
synUtils::setDVEInitPhase 0
ucliCore::getToolPID
synUtils::sendTool -active _icl_setToolSocket /tmp/smlnp711F1h
synUtils::sendTool -active {_icl_start_rpc -version "T-2022.06_Full64" -sync_file /tmp/vcs_dve_rpc.tbeasley.223336}
synUtils::sendTool -active {_icl_createSharedMemory /tmp/vcs_dve_general.tbeasley.223336}
config endofsim noexit
config onfail enable all
config syscaddplainmembers
config syscaddsourcenames
config syscaddstructtypes
synopsys::listing -disable
ucliGUI::vpdAddHierarchy -scope ZorgGame_test -depth 1 -file /afs/andrew.cmu.edu/usr12/tbeasley/private/240/Labs/Lab4/inter.vpd; synopsys::dump -flush VPD0
synopsys::dump -add {ZorgGame_test.CoinInserted ZorgGame_test.CoinValue ZorgGame_test.GameWon ZorgGame_test.GradeIt ZorgGame_test.Guess ZorgGame_test.LoadShape ZorgGame_test.LoadShapeNow ZorgGame_test.NumGames ZorgGame_test.RoundNumber ZorgGame_test.ShapeLocation ZorgGame_test.StartGame ZorgGame_test.Znarly ZorgGame_test.Zood ZorgGame_test.clock ZorgGame_test.doneMasterPattern ZorgGame_test.masterPattern ZorgGame_test.maxRound ZorgGame_test.reset } -aggregates  -fid VPD0
synopsys::run
set ucliGUI::state
set ucliGUI::state
set ucliGUI::state
set ucliGUI::state
